2023/05/10 13:31:46 [notice] 1#1: using the "epoll" event method
2023/05/10 13:31:46 [notice] 1#1: nginx/1.24.0
2023/05/10 13:31:46 [notice] 1#1: built by gcc 12.2.1 20220924 (Alpine 12.2.1_git20220924-r4) 
2023/05/10 13:31:46 [notice] 1#1: OS: Linux 5.10.16.3-microsoft-standard-WSL2
2023/05/10 13:31:46 [notice] 1#1: getrlimit(RLIMIT_NOFILE): 1048576:1048576
2023/05/10 13:31:46 [notice] 1#1: start worker processes
2023/05/10 13:31:46 [notice] 1#1: start worker process 30
2023/05/10 13:31:46 [notice] 1#1: start worker process 31
2023/05/10 13:31:46 [notice] 1#1: start worker process 32
2023/05/10 13:31:46 [notice] 1#1: start worker process 33
2023/05/10 13:31:46 [notice] 1#1: start worker process 34
2023/05/10 13:31:46 [notice] 1#1: start worker process 35
2023/05/10 13:31:46 [notice] 1#1: start worker process 36
2023/05/10 13:31:46 [notice] 1#1: start worker process 37
2023/05/10 13:31:46 [notice] 1#1: start worker process 38
2023/05/10 13:31:46 [notice] 1#1: start worker process 39
2023/05/10 13:31:46 [notice] 1#1: start worker process 40
2023/05/10 13:31:46 [notice] 1#1: start worker process 41
2023/05/10 13:31:46 [notice] 1#1: start worker process 42
2023/05/10 13:31:46 [notice] 1#1: start worker process 43
2023/05/10 13:31:46 [notice] 1#1: start worker process 44
2023/05/10 13:31:46 [notice] 1#1: start worker process 45
2023/05/11 16:02:57 [notice] 1#1: using the "epoll" event method
2023/05/11 16:02:57 [notice] 1#1: nginx/1.24.0
2023/05/11 16:02:57 [notice] 1#1: built by gcc 12.2.1 20220924 (Alpine 12.2.1_git20220924-r4) 
2023/05/11 16:02:57 [notice] 1#1: OS: Linux 5.10.16.3-microsoft-standard-WSL2
2023/05/11 16:02:57 [notice] 1#1: getrlimit(RLIMIT_NOFILE): 1048576:1048576
2023/05/11 16:02:57 [notice] 1#1: start worker processes
2023/05/11 16:02:57 [notice] 1#1: start worker process 22
2023/05/11 16:02:57 [notice] 1#1: start worker process 23
2023/05/11 16:02:57 [notice] 1#1: start worker process 24
2023/05/11 16:02:57 [notice] 1#1: start worker process 25
2023/05/11 16:02:57 [notice] 1#1: start worker process 26
2023/05/11 16:02:57 [notice] 1#1: start worker process 27
2023/05/11 16:02:57 [notice] 1#1: start worker process 28
2023/05/11 16:02:57 [notice] 1#1: start worker process 29
2023/05/11 16:02:57 [notice] 1#1: start worker process 30
2023/05/11 16:02:57 [notice] 1#1: start worker process 31
2023/05/11 16:02:57 [notice] 1#1: start worker process 32
2023/05/11 16:02:57 [notice] 1#1: start worker process 33
2023/05/11 16:02:57 [notice] 1#1: start worker process 34
2023/05/11 16:02:57 [notice] 1#1: start worker process 35
2023/05/11 16:02:57 [notice] 1#1: start worker process 36
2023/05/11 16:02:57 [notice] 1#1: start worker process 37
2023/05/11 16:05:27 [notice] 1#1: signal 3 (SIGQUIT) received, shutting down
2023/05/11 16:05:27 [notice] 23#23: gracefully shutting down
2023/05/11 16:05:27 [notice] 22#22: gracefully shutting down
2023/05/11 16:05:27 [notice] 25#25: gracefully shutting down
2023/05/11 16:05:27 [notice] 27#27: gracefully shutting down
2023/05/11 16:05:27 [notice] 26#26: gracefully shutting down
2023/05/11 16:05:27 [notice] 29#29: gracefully shutting down
2023/05/11 16:05:27 [notice] 30#30: gracefully shutting down
2023/05/11 16:05:27 [notice] 28#28: gracefully shutting down
2023/05/11 16:05:27 [notice] 32#32: gracefully shutting down
2023/05/11 16:05:27 [notice] 24#24: gracefully shutting down
2023/05/11 16:05:27 [notice] 34#34: gracefully shutting down
2023/05/11 16:05:27 [notice] 37#37: gracefully shutting down
2023/05/11 16:05:27 [notice] 31#31: gracefully shutting down
2023/05/11 16:05:27 [notice] 35#35: gracefully shutting down
2023/05/11 16:05:27 [notice] 36#36: gracefully shutting down
2023/05/11 16:05:27 [notice] 33#33: gracefully shutting down
2023/05/11 16:05:27 [notice] 23#23: exiting
2023/05/11 16:05:27 [notice] 22#22: exiting
2023/05/11 16:05:27 [notice] 25#25: exiting
2023/05/11 16:05:27 [notice] 27#27: exiting
2023/05/11 16:05:27 [notice] 26#26: exiting
2023/05/11 16:05:27 [notice] 29#29: exiting
2023/05/11 16:05:27 [notice] 30#30: exiting
2023/05/11 16:05:27 [notice] 28#28: exiting
2023/05/11 16:05:27 [notice] 32#32: exiting
2023/05/11 16:05:27 [notice] 24#24: exiting
2023/05/11 16:05:27 [notice] 34#34: exiting
2023/05/11 16:05:27 [notice] 37#37: exiting
2023/05/11 16:05:27 [notice] 31#31: exiting
2023/05/11 16:05:27 [notice] 35#35: exiting
2023/05/11 16:05:27 [notice] 36#36: exiting
2023/05/11 16:05:27 [notice] 33#33: exiting
2023/05/11 16:05:27 [notice] 23#23: exit
2023/05/11 16:05:27 [notice] 22#22: exit
2023/05/11 16:05:27 [notice] 25#25: exit
2023/05/11 16:05:27 [notice] 27#27: exit
2023/05/11 16:05:27 [notice] 26#26: exit
2023/05/11 16:05:27 [notice] 29#29: exit
2023/05/11 16:05:27 [notice] 30#30: exit
2023/05/11 16:05:27 [notice] 28#28: exit
2023/05/11 16:05:27 [notice] 32#32: exit
2023/05/11 16:05:27 [notice] 24#24: exit
2023/05/11 16:05:27 [notice] 34#34: exit
2023/05/11 16:05:27 [notice] 37#37: exit
2023/05/11 16:05:27 [notice] 31#31: exit
2023/05/11 16:05:27 [notice] 35#35: exit
2023/05/11 16:05:27 [notice] 36#36: exit
2023/05/11 16:05:27 [notice] 33#33: exit
2023/05/11 16:05:27 [notice] 1#1: signal 17 (SIGCHLD) received from 26
2023/05/11 16:05:27 [notice] 1#1: worker process 23 exited with code 0
2023/05/11 16:05:27 [notice] 1#1: worker process 24 exited with code 0
2023/05/11 16:05:27 [notice] 1#1: worker process 25 exited with code 0
2023/05/11 16:05:27 [notice] 1#1: worker process 26 exited with code 0
2023/05/11 16:05:27 [notice] 1#1: worker process 27 exited with code 0
2023/05/11 16:05:27 [notice] 1#1: worker process 28 exited with code 0
2023/05/11 16:05:27 [notice] 1#1: worker process 29 exited with code 0
2023/05/11 16:05:27 [notice] 1#1: worker process 30 exited with code 0
2023/05/11 16:05:27 [notice] 1#1: worker process 31 exited with code 0
2023/05/11 16:05:27 [notice] 1#1: worker process 32 exited with code 0
2023/05/11 16:05:27 [notice] 1#1: worker process 36 exited with code 0
2023/05/11 16:05:27 [notice] 1#1: worker process 37 exited with code 0
2023/05/11 16:05:27 [notice] 1#1: signal 29 (SIGIO) received
2023/05/11 16:05:27 [notice] 1#1: signal 17 (SIGCHLD) received from 28
2023/05/11 16:05:27 [notice] 1#1: signal 17 (SIGCHLD) received from 22
2023/05/11 16:05:27 [notice] 1#1: worker process 22 exited with code 0
2023/05/11 16:05:27 [notice] 1#1: signal 29 (SIGIO) received
2023/05/11 16:05:27 [notice] 1#1: signal 17 (SIGCHLD) received from 33
2023/05/11 16:05:27 [notice] 1#1: worker process 33 exited with code 0
2023/05/11 16:05:27 [notice] 1#1: worker process 34 exited with code 0
2023/05/11 16:05:27 [notice] 1#1: worker process 35 exited with code 0
2023/05/11 16:05:27 [notice] 1#1: exit
2023/05/11 16:05:37 [notice] 1#1: using the "epoll" event method
2023/05/11 16:05:37 [notice] 1#1: nginx/1.24.0
2023/05/11 16:05:37 [notice] 1#1: built by gcc 12.2.1 20220924 (Alpine 12.2.1_git20220924-r4) 
2023/05/11 16:05:37 [notice] 1#1: OS: Linux 5.10.16.3-microsoft-standard-WSL2
2023/05/11 16:05:37 [notice] 1#1: getrlimit(RLIMIT_NOFILE): 1048576:1048576
2023/05/11 16:05:37 [notice] 1#1: start worker processes
2023/05/11 16:05:37 [notice] 1#1: start worker process 22
2023/05/11 16:05:37 [notice] 1#1: start worker process 23
2023/05/11 16:05:37 [notice] 1#1: start worker process 24
2023/05/11 16:05:37 [notice] 1#1: start worker process 25
2023/05/11 16:05:37 [notice] 1#1: start worker process 26
2023/05/11 16:05:37 [notice] 1#1: start worker process 27
2023/05/11 16:05:37 [notice] 1#1: start worker process 28
2023/05/11 16:05:37 [notice] 1#1: start worker process 29
2023/05/11 16:05:37 [notice] 1#1: start worker process 30
2023/05/11 16:05:37 [notice] 1#1: start worker process 31
2023/05/11 16:05:37 [notice] 1#1: start worker process 32
2023/05/11 16:05:37 [notice] 1#1: start worker process 33
2023/05/11 16:05:37 [notice] 1#1: start worker process 34
2023/05/11 16:05:37 [notice] 1#1: start worker process 35
2023/05/11 16:05:37 [notice] 1#1: start worker process 36
2023/05/11 16:05:37 [notice] 1#1: start worker process 37
2023/05/11 16:18:28 [notice] 1#1: signal 3 (SIGQUIT) received, shutting down
2023/05/11 16:18:28 [notice] 24#24: gracefully shutting down
2023/05/11 16:18:28 [notice] 36#36: gracefully shutting down
2023/05/11 16:18:28 [notice] 28#28: gracefully shutting down
2023/05/11 16:18:28 [notice] 26#26: gracefully shutting down
2023/05/11 16:18:28 [notice] 23#23: gracefully shutting down
2023/05/11 16:18:28 [notice] 22#22: gracefully shutting down
2023/05/11 16:18:28 [notice] 25#25: gracefully shutting down
2023/05/11 16:18:28 [notice] 29#29: gracefully shutting down
2023/05/11 16:18:28 [notice] 33#33: gracefully shutting down
2023/05/11 16:18:28 [notice] 32#32: gracefully shutting down
2023/05/11 16:18:28 [notice] 37#37: gracefully shutting down
2023/05/11 16:18:28 [notice] 35#35: gracefully shutting down
2023/05/11 16:18:28 [notice] 34#34: gracefully shutting down
2023/05/11 16:18:28 [notice] 31#31: gracefully shutting down
2023/05/11 16:18:28 [notice] 27#27: gracefully shutting down
2023/05/11 16:18:28 [notice] 30#30: gracefully shutting down
2023/05/11 16:18:28 [notice] 24#24: exiting
2023/05/11 16:18:28 [notice] 36#36: exiting
2023/05/11 16:18:28 [notice] 31#31: exiting
2023/05/11 16:18:28 [notice] 28#28: exiting
2023/05/11 16:18:28 [notice] 31#31: exit
2023/05/11 16:18:28 [notice] 26#26: exiting
2023/05/11 16:18:28 [notice] 23#23: exiting
2023/05/11 16:18:28 [notice] 22#22: exiting
2023/05/11 16:18:28 [notice] 25#25: exiting
2023/05/11 16:18:28 [notice] 29#29: exiting
2023/05/11 16:18:28 [notice] 25#25: exit
2023/05/11 16:18:28 [notice] 33#33: exiting
2023/05/11 16:18:28 [notice] 32#32: exiting
2023/05/11 16:18:28 [notice] 37#37: exiting
2023/05/11 16:18:28 [notice] 35#35: exiting
2023/05/11 16:18:28 [notice] 34#34: exiting
2023/05/11 16:18:28 [notice] 27#27: exiting
2023/05/11 16:18:28 [notice] 30#30: exiting
2023/05/11 16:18:28 [notice] 36#36: exit
2023/05/11 16:18:28 [notice] 24#24: exit
2023/05/11 16:18:28 [notice] 28#28: exit
2023/05/11 16:18:28 [notice] 26#26: exit
2023/05/11 16:18:28 [notice] 23#23: exit
2023/05/11 16:18:28 [notice] 22#22: exit
2023/05/11 16:18:28 [notice] 29#29: exit
2023/05/11 16:18:28 [notice] 33#33: exit
2023/05/11 16:18:28 [notice] 32#32: exit
2023/05/11 16:18:28 [notice] 37#37: exit
2023/05/11 16:18:28 [notice] 35#35: exit
2023/05/11 16:18:28 [notice] 34#34: exit
2023/05/11 16:18:28 [notice] 27#27: exit
2023/05/11 16:18:28 [notice] 30#30: exit
2023/05/11 16:18:28 [notice] 1#1: signal 17 (SIGCHLD) received from 37
2023/05/11 16:18:28 [notice] 1#1: worker process 22 exited with code 0
2023/05/11 16:18:28 [notice] 1#1: worker process 24 exited with code 0
2023/05/11 16:18:28 [notice] 1#1: worker process 26 exited with code 0
2023/05/11 16:18:28 [notice] 1#1: worker process 29 exited with code 0
2023/05/11 16:18:28 [notice] 1#1: worker process 30 exited with code 0
2023/05/11 16:18:28 [notice] 1#1: worker process 32 exited with code 0
2023/05/11 16:18:28 [notice] 1#1: worker process 33 exited with code 0
2023/05/11 16:18:28 [notice] 1#1: worker process 34 exited with code 0
2023/05/11 16:18:28 [notice] 1#1: worker process 37 exited with code 0
2023/05/11 16:18:28 [notice] 1#1: signal 29 (SIGIO) received
2023/05/11 16:18:28 [notice] 1#1: signal 17 (SIGCHLD) received from 32
2023/05/11 16:18:28 [notice] 1#1: signal 17 (SIGCHLD) received from 35
2023/05/11 16:18:28 [notice] 1#1: worker process 23 exited with code 0
2023/05/11 16:18:28 [notice] 1#1: worker process 25 exited with code 0
2023/05/11 16:18:28 [notice] 1#1: worker process 31 exited with code 0
2023/05/11 16:18:28 [notice] 1#1: worker process 35 exited with code 0
2023/05/11 16:18:28 [notice] 1#1: signal 29 (SIGIO) received
2023/05/11 16:18:28 [notice] 1#1: signal 17 (SIGCHLD) received from 25
2023/05/11 16:18:28 [notice] 1#1: signal 17 (SIGCHLD) received from 27
2023/05/11 16:18:28 [notice] 1#1: worker process 27 exited with code 0
2023/05/11 16:18:28 [notice] 1#1: worker process 36 exited with code 0
2023/05/11 16:18:28 [notice] 1#1: signal 29 (SIGIO) received
2023/05/11 16:18:28 [notice] 1#1: signal 17 (SIGCHLD) received from 28
2023/05/11 16:18:28 [notice] 1#1: worker process 28 exited with code 0
2023/05/11 16:18:28 [notice] 1#1: exit
2023/05/11 16:19:03 [notice] 1#1: using the "epoll" event method
2023/05/11 16:19:03 [notice] 1#1: nginx/1.24.0
2023/05/11 16:19:03 [notice] 1#1: built by gcc 12.2.1 20220924 (Alpine 12.2.1_git20220924-r4) 
2023/05/11 16:19:03 [notice] 1#1: OS: Linux 5.10.16.3-microsoft-standard-WSL2
2023/05/11 16:19:03 [notice] 1#1: getrlimit(RLIMIT_NOFILE): 1048576:1048576
2023/05/11 16:19:03 [notice] 1#1: start worker processes
2023/05/11 16:19:03 [notice] 1#1: start worker process 30
2023/05/11 16:19:03 [notice] 1#1: start worker process 31
2023/05/11 16:19:03 [notice] 1#1: start worker process 32
2023/05/11 16:19:03 [notice] 1#1: start worker process 33
2023/05/11 16:19:03 [notice] 1#1: start worker process 34
2023/05/11 16:19:03 [notice] 1#1: start worker process 35
2023/05/11 16:19:03 [notice] 1#1: start worker process 36
2023/05/11 16:19:03 [notice] 1#1: start worker process 37
2023/05/11 16:19:03 [notice] 1#1: start worker process 38
2023/05/11 16:19:03 [notice] 1#1: start worker process 39
2023/05/11 16:19:03 [notice] 1#1: start worker process 40
2023/05/11 16:19:03 [notice] 1#1: start worker process 41
2023/05/11 16:19:03 [notice] 1#1: start worker process 42
2023/05/11 16:19:03 [notice] 1#1: start worker process 43
2023/05/11 16:19:03 [notice] 1#1: start worker process 44
2023/05/11 16:19:03 [notice] 1#1: start worker process 45
2023/05/11 16:21:29 [notice] 1#1: signal 3 (SIGQUIT) received, shutting down
2023/05/11 16:21:29 [notice] 32#32: gracefully shutting down
2023/05/11 16:21:29 [notice] 30#30: gracefully shutting down
2023/05/11 16:21:29 [notice] 32#32: exiting
2023/05/11 16:21:29 [notice] 33#33: gracefully shutting down
2023/05/11 16:21:29 [notice] 31#31: gracefully shutting down
2023/05/11 16:21:29 [notice] 35#35: gracefully shutting down
2023/05/11 16:21:29 [notice] 36#36: gracefully shutting down
2023/05/11 16:21:29 [notice] 34#34: gracefully shutting down
2023/05/11 16:21:29 [notice] 37#37: gracefully shutting down
2023/05/11 16:21:29 [notice] 39#39: gracefully shutting down
2023/05/11 16:21:29 [notice] 38#38: gracefully shutting down
2023/05/11 16:21:29 [notice] 44#44: gracefully shutting down
2023/05/11 16:21:29 [notice] 43#43: gracefully shutting down
2023/05/11 16:21:29 [notice] 40#40: gracefully shutting down
2023/05/11 16:21:29 [notice] 45#45: gracefully shutting down
2023/05/11 16:21:29 [notice] 40#40: exiting
2023/05/11 16:21:29 [notice] 42#42: gracefully shutting down
2023/05/11 16:21:29 [notice] 41#41: gracefully shutting down
2023/05/11 16:21:29 [notice] 30#30: exiting
2023/05/11 16:21:29 [notice] 32#32: exit
2023/05/11 16:21:29 [notice] 31#31: exiting
2023/05/11 16:21:29 [notice] 33#33: exiting
2023/05/11 16:21:29 [notice] 35#35: exiting
2023/05/11 16:21:29 [notice] 36#36: exiting
2023/05/11 16:21:29 [notice] 34#34: exiting
2023/05/11 16:21:29 [notice] 37#37: exiting
2023/05/11 16:21:29 [notice] 39#39: exiting
2023/05/11 16:21:29 [notice] 38#38: exiting
2023/05/11 16:21:29 [notice] 44#44: exiting
2023/05/11 16:21:29 [notice] 43#43: exiting
2023/05/11 16:21:29 [notice] 45#45: exiting
2023/05/11 16:21:29 [notice] 40#40: exit
2023/05/11 16:21:29 [notice] 42#42: exiting
2023/05/11 16:21:29 [notice] 41#41: exiting
2023/05/11 16:21:29 [notice] 30#30: exit
2023/05/11 16:21:29 [notice] 31#31: exit
2023/05/11 16:21:29 [notice] 33#33: exit
2023/05/11 16:21:29 [notice] 35#35: exit
2023/05/11 16:21:29 [notice] 36#36: exit
2023/05/11 16:21:29 [notice] 34#34: exit
2023/05/11 16:21:29 [notice] 37#37: exit
2023/05/11 16:21:29 [notice] 39#39: exit
2023/05/11 16:21:29 [notice] 38#38: exit
2023/05/11 16:21:29 [notice] 44#44: exit
2023/05/11 16:21:29 [notice] 43#43: exit
2023/05/11 16:21:29 [notice] 45#45: exit
2023/05/11 16:21:29 [notice] 42#42: exit
2023/05/11 16:21:29 [notice] 41#41: exit
2023/05/11 16:21:29 [notice] 1#1: signal 17 (SIGCHLD) received from 35
2023/05/11 16:21:29 [notice] 1#1: worker process 35 exited with code 0
2023/05/11 16:21:29 [notice] 1#1: worker process 38 exited with code 0
2023/05/11 16:21:29 [notice] 1#1: worker process 41 exited with code 0
2023/05/11 16:21:29 [notice] 1#1: signal 29 (SIGIO) received
2023/05/11 16:21:29 [notice] 1#1: signal 17 (SIGCHLD) received from 38
2023/05/11 16:21:29 [notice] 1#1: signal 17 (SIGCHLD) received from 30
2023/05/11 16:21:29 [notice] 1#1: worker process 30 exited with code 0
2023/05/11 16:21:29 [notice] 1#1: worker process 37 exited with code 0
2023/05/11 16:21:29 [notice] 1#1: worker process 42 exited with code 0
2023/05/11 16:21:29 [notice] 1#1: worker process 43 exited with code 0
2023/05/11 16:21:29 [notice] 1#1: signal 29 (SIGIO) received
2023/05/11 16:21:29 [notice] 1#1: signal 17 (SIGCHLD) received from 42
2023/05/11 16:21:29 [notice] 1#1: signal 17 (SIGCHLD) received from 32
2023/05/11 16:21:29 [notice] 1#1: worker process 32 exited with code 0
2023/05/11 16:21:29 [notice] 1#1: signal 29 (SIGIO) received
2023/05/11 16:21:29 [notice] 1#1: signal 17 (SIGCHLD) received from 36
2023/05/11 16:21:29 [notice] 1#1: worker process 31 exited with code 0
2023/05/11 16:21:29 [notice] 1#1: worker process 33 exited with code 0
2023/05/11 16:21:29 [notice] 1#1: worker process 34 exited with code 0
2023/05/11 16:21:29 [notice] 1#1: worker process 36 exited with code 0
2023/05/11 16:21:29 [notice] 1#1: worker process 39 exited with code 0
2023/05/11 16:21:29 [notice] 1#1: worker process 40 exited with code 0
2023/05/11 16:21:29 [notice] 1#1: worker process 44 exited with code 0
2023/05/11 16:21:29 [notice] 1#1: worker process 45 exited with code 0
2023/05/11 16:21:29 [notice] 1#1: exit
2023/05/11 16:21:49 [notice] 1#1: using the "epoll" event method
2023/05/11 16:21:49 [notice] 1#1: nginx/1.24.0
2023/05/11 16:21:49 [notice] 1#1: built by gcc 12.2.1 20220924 (Alpine 12.2.1_git20220924-r4) 
2023/05/11 16:21:49 [notice] 1#1: OS: Linux 5.10.16.3-microsoft-standard-WSL2
2023/05/11 16:21:49 [notice] 1#1: getrlimit(RLIMIT_NOFILE): 1048576:1048576
2023/05/11 16:21:49 [notice] 1#1: start worker processes
2023/05/11 16:21:49 [notice] 1#1: start worker process 22
2023/05/11 16:21:49 [notice] 1#1: start worker process 23
2023/05/11 16:21:49 [notice] 1#1: start worker process 24
2023/05/11 16:21:49 [notice] 1#1: start worker process 25
2023/05/11 16:21:49 [notice] 1#1: start worker process 26
2023/05/11 16:21:49 [notice] 1#1: start worker process 27
2023/05/11 16:21:49 [notice] 1#1: start worker process 28
2023/05/11 16:21:49 [notice] 1#1: start worker process 29
2023/05/11 16:21:49 [notice] 1#1: start worker process 30
2023/05/11 16:21:49 [notice] 1#1: start worker process 31
2023/05/11 16:21:49 [notice] 1#1: start worker process 32
2023/05/11 16:21:49 [notice] 1#1: start worker process 33
2023/05/11 16:21:49 [notice] 1#1: start worker process 34
2023/05/11 16:21:49 [notice] 1#1: start worker process 35
2023/05/11 16:21:49 [notice] 1#1: start worker process 36
2023/05/11 16:21:49 [notice] 1#1: start worker process 37
2023/05/11 16:44:17 [notice] 1#1: signal 3 (SIGQUIT) received, shutting down
2023/05/11 16:44:17 [notice] 22#22: gracefully shutting down
2023/05/11 16:44:17 [notice] 24#24: gracefully shutting down
2023/05/11 16:44:17 [notice] 29#29: gracefully shutting down
2023/05/11 16:44:17 [notice] 27#27: gracefully shutting down
2023/05/11 16:44:17 [notice] 28#28: gracefully shutting down
2023/05/11 16:44:17 [notice] 25#25: gracefully shutting down
2023/05/11 16:44:17 [notice] 23#23: gracefully shutting down
2023/05/11 16:44:17 [notice] 30#30: gracefully shutting down
2023/05/11 16:44:17 [notice] 23#23: exiting
2023/05/11 16:44:17 [notice] 33#33: gracefully shutting down
2023/05/11 16:44:17 [notice] 23#23: exit
2023/05/11 16:44:17 [notice] 32#32: gracefully shutting down
2023/05/11 16:44:17 [notice] 35#35: gracefully shutting down
2023/05/11 16:44:17 [notice] 34#34: gracefully shutting down
2023/05/11 16:44:17 [notice] 26#26: gracefully shutting down
2023/05/11 16:44:17 [notice] 31#31: gracefully shutting down
2023/05/11 16:44:17 [notice] 37#37: gracefully shutting down
2023/05/11 16:44:17 [notice] 36#36: gracefully shutting down
2023/05/11 16:44:17 [notice] 22#22: exiting
2023/05/11 16:44:17 [notice] 24#24: exiting
2023/05/11 16:44:17 [notice] 29#29: exiting
2023/05/11 16:44:17 [notice] 27#27: exiting
2023/05/11 16:44:17 [notice] 28#28: exiting
2023/05/11 16:44:17 [notice] 27#27: exit
2023/05/11 16:44:17 [notice] 25#25: exiting
2023/05/11 16:44:17 [notice] 30#30: exiting
2023/05/11 16:44:17 [notice] 33#33: exiting
2023/05/11 16:44:17 [notice] 32#32: exiting
2023/05/11 16:44:17 [notice] 35#35: exiting
2023/05/11 16:44:17 [notice] 34#34: exiting
2023/05/11 16:44:17 [notice] 26#26: exiting
2023/05/11 16:44:17 [notice] 31#31: exiting
2023/05/11 16:44:17 [notice] 37#37: exiting
2023/05/11 16:44:17 [notice] 36#36: exiting
2023/05/11 16:44:17 [notice] 22#22: exit
2023/05/11 16:44:17 [notice] 24#24: exit
2023/05/11 16:44:17 [notice] 29#29: exit
2023/05/11 16:44:17 [notice] 28#28: exit
2023/05/11 16:44:17 [notice] 25#25: exit
2023/05/11 16:44:17 [notice] 30#30: exit
2023/05/11 16:44:17 [notice] 33#33: exit
2023/05/11 16:44:17 [notice] 32#32: exit
2023/05/11 16:44:17 [notice] 35#35: exit
2023/05/11 16:44:17 [notice] 34#34: exit
2023/05/11 16:44:17 [notice] 26#26: exit
2023/05/11 16:44:17 [notice] 31#31: exit
2023/05/11 16:44:17 [notice] 37#37: exit
2023/05/11 16:44:17 [notice] 36#36: exit
2023/05/11 16:44:17 [notice] 1#1: signal 17 (SIGCHLD) received from 25
2023/05/11 16:44:17 [notice] 1#1: worker process 24 exited with code 0
2023/05/11 16:44:17 [notice] 1#1: worker process 25 exited with code 0
2023/05/11 16:44:17 [notice] 1#1: worker process 30 exited with code 0
2023/05/11 16:44:17 [notice] 1#1: worker process 32 exited with code 0
2023/05/11 16:44:17 [notice] 1#1: signal 29 (SIGIO) received
2023/05/11 16:44:17 [notice] 1#1: signal 17 (SIGCHLD) received from 32
2023/05/11 16:44:17 [notice] 1#1: signal 17 (SIGCHLD) received from 29
2023/05/11 16:44:17 [notice] 1#1: worker process 29 exited with code 0
2023/05/11 16:44:17 [notice] 1#1: signal 29 (SIGIO) received
2023/05/11 16:44:17 [notice] 1#1: signal 17 (SIGCHLD) received from 26
2023/05/11 16:44:17 [notice] 1#1: worker process 22 exited with code 0
2023/05/11 16:44:17 [notice] 1#1: worker process 23 exited with code 0
2023/05/11 16:44:17 [notice] 1#1: worker process 26 exited with code 0
2023/05/11 16:44:17 [notice] 1#1: worker process 27 exited with code 0
2023/05/11 16:44:17 [notice] 1#1: worker process 28 exited with code 0
2023/05/11 16:44:17 [notice] 1#1: worker process 31 exited with code 0
2023/05/11 16:44:17 [notice] 1#1: worker process 33 exited with code 0
2023/05/11 16:44:17 [notice] 1#1: worker process 34 exited with code 0
2023/05/11 16:44:17 [notice] 1#1: worker process 35 exited with code 0
2023/05/11 16:44:17 [notice] 1#1: worker process 36 exited with code 0
2023/05/11 16:44:17 [notice] 1#1: worker process 37 exited with code 0
2023/05/11 16:44:17 [notice] 1#1: exit
2023/05/11 16:44:43 [notice] 1#1: using the "epoll" event method
2023/05/11 16:44:43 [notice] 1#1: nginx/1.24.0
2023/05/11 16:44:43 [notice] 1#1: built by gcc 12.2.1 20220924 (Alpine 12.2.1_git20220924-r4) 
2023/05/11 16:44:43 [notice] 1#1: OS: Linux 5.10.16.3-microsoft-standard-WSL2
2023/05/11 16:44:43 [notice] 1#1: getrlimit(RLIMIT_NOFILE): 1048576:1048576
2023/05/11 16:44:43 [notice] 1#1: start worker processes
2023/05/11 16:44:43 [notice] 1#1: start worker process 23
2023/05/11 16:44:43 [notice] 1#1: start worker process 24
2023/05/11 16:44:43 [notice] 1#1: start worker process 25
2023/05/11 16:44:43 [notice] 1#1: start worker process 26
2023/05/11 16:44:43 [notice] 1#1: start worker process 27
2023/05/11 16:44:43 [notice] 1#1: start worker process 28
2023/05/11 16:44:43 [notice] 1#1: start worker process 29
2023/05/11 16:44:43 [notice] 1#1: start worker process 30
2023/05/11 16:44:43 [notice] 1#1: start worker process 31
2023/05/11 16:44:43 [notice] 1#1: start worker process 32
2023/05/11 16:44:43 [notice] 1#1: start worker process 33
2023/05/11 16:44:43 [notice] 1#1: start worker process 34
2023/05/11 16:44:43 [notice] 1#1: start worker process 35
2023/05/11 16:44:43 [notice] 1#1: start worker process 36
2023/05/11 16:44:43 [notice] 1#1: start worker process 37
2023/05/11 16:44:43 [notice] 1#1: start worker process 38
2023/05/11 17:05:10 [notice] 1#1: signal 3 (SIGQUIT) received, shutting down
2023/05/11 17:05:10 [notice] 23#23: gracefully shutting down
2023/05/11 17:05:10 [notice] 25#25: gracefully shutting down
2023/05/11 17:05:10 [notice] 24#24: gracefully shutting down
2023/05/11 17:05:10 [notice] 27#27: gracefully shutting down
2023/05/11 17:05:10 [notice] 29#29: gracefully shutting down
2023/05/11 17:05:10 [notice] 26#26: gracefully shutting down
2023/05/11 17:05:10 [notice] 29#29: exiting
2023/05/11 17:05:10 [notice] 31#31: gracefully shutting down
2023/05/11 17:05:10 [notice] 28#28: gracefully shutting down
2023/05/11 17:05:10 [notice] 32#32: gracefully shutting down
2023/05/11 17:05:10 [notice] 34#34: gracefully shutting down
2023/05/11 17:05:10 [notice] 30#30: gracefully shutting down
2023/05/11 17:05:10 [notice] 35#35: gracefully shutting down
2023/05/11 17:05:10 [notice] 33#33: gracefully shutting down
2023/05/11 17:05:10 [notice] 36#36: gracefully shutting down
2023/05/11 17:05:10 [notice] 37#37: gracefully shutting down
2023/05/11 17:05:10 [notice] 38#38: gracefully shutting down
2023/05/11 17:05:10 [notice] 23#23: exiting
2023/05/11 17:05:10 [notice] 25#25: exiting
2023/05/11 17:05:10 [notice] 24#24: exiting
2023/05/11 17:05:10 [notice] 27#27: exiting
2023/05/11 17:05:10 [notice] 26#26: exiting
2023/05/11 17:05:10 [notice] 29#29: exit
2023/05/11 17:05:10 [notice] 31#31: exiting
2023/05/11 17:05:10 [notice] 28#28: exiting
2023/05/11 17:05:10 [notice] 32#32: exiting
2023/05/11 17:05:10 [notice] 34#34: exiting
2023/05/11 17:05:10 [notice] 30#30: exiting
2023/05/11 17:05:10 [notice] 35#35: exiting
2023/05/11 17:05:10 [notice] 33#33: exiting
2023/05/11 17:05:10 [notice] 36#36: exiting
2023/05/11 17:05:10 [notice] 37#37: exiting
2023/05/11 17:05:10 [notice] 38#38: exiting
2023/05/11 17:05:10 [notice] 23#23: exit
2023/05/11 17:05:10 [notice] 25#25: exit
2023/05/11 17:05:10 [notice] 24#24: exit
2023/05/11 17:05:10 [notice] 27#27: exit
2023/05/11 17:05:10 [notice] 26#26: exit
2023/05/11 17:05:10 [notice] 31#31: exit
2023/05/11 17:05:10 [notice] 28#28: exit
2023/05/11 17:05:10 [notice] 32#32: exit
2023/05/11 17:05:10 [notice] 34#34: exit
2023/05/11 17:05:10 [notice] 30#30: exit
2023/05/11 17:05:10 [notice] 35#35: exit
2023/05/11 17:05:10 [notice] 33#33: exit
2023/05/11 17:05:10 [notice] 36#36: exit
2023/05/11 17:05:10 [notice] 37#37: exit
2023/05/11 17:05:10 [notice] 38#38: exit
2023/05/11 17:05:10 [notice] 1#1: signal 17 (SIGCHLD) received from 31
2023/05/11 17:05:10 [notice] 1#1: worker process 23 exited with code 0
2023/05/11 17:05:10 [notice] 1#1: worker process 24 exited with code 0
2023/05/11 17:05:10 [notice] 1#1: worker process 25 exited with code 0
2023/05/11 17:05:10 [notice] 1#1: worker process 28 exited with code 0
2023/05/11 17:05:10 [notice] 1#1: worker process 31 exited with code 0
2023/05/11 17:05:10 [notice] 1#1: worker process 32 exited with code 0
2023/05/11 17:05:10 [notice] 1#1: worker process 35 exited with code 0
2023/05/11 17:05:10 [notice] 1#1: worker process 37 exited with code 0
2023/05/11 17:05:10 [notice] 1#1: signal 29 (SIGIO) received
2023/05/11 17:05:10 [notice] 1#1: signal 17 (SIGCHLD) received from 28
2023/05/11 17:05:10 [notice] 1#1: signal 17 (SIGCHLD) received from 30
2023/05/11 17:05:10 [notice] 1#1: worker process 26 exited with code 0
2023/05/11 17:05:10 [notice] 1#1: worker process 30 exited with code 0
2023/05/11 17:05:10 [notice] 1#1: worker process 33 exited with code 0
2023/05/11 17:05:10 [notice] 1#1: worker process 38 exited with code 0
2023/05/11 17:05:10 [notice] 1#1: signal 29 (SIGIO) received
2023/05/11 17:05:10 [notice] 1#1: signal 17 (SIGCHLD) received from 33
2023/05/11 17:05:10 [notice] 1#1: signal 17 (SIGCHLD) received from 29
2023/05/11 17:05:10 [notice] 1#1: worker process 27 exited with code 0
2023/05/11 17:05:10 [notice] 1#1: worker process 29 exited with code 0
2023/05/11 17:05:10 [notice] 1#1: signal 29 (SIGIO) received
2023/05/11 17:05:10 [notice] 1#1: signal 17 (SIGCHLD) received from 27
2023/05/11 17:05:10 [notice] 1#1: signal 17 (SIGCHLD) received from 34
2023/05/11 17:05:10 [notice] 1#1: worker process 34 exited with code 0
2023/05/11 17:05:10 [notice] 1#1: worker process 36 exited with code 0
2023/05/11 17:05:10 [notice] 1#1: exit
2023/05/11 17:56:40 [notice] 1#1: using the "epoll" event method
2023/05/11 17:56:40 [notice] 1#1: nginx/1.24.0
2023/05/11 17:56:40 [notice] 1#1: built by gcc 12.2.1 20220924 (Alpine 12.2.1_git20220924-r4) 
2023/05/11 17:56:40 [notice] 1#1: OS: Linux 5.10.16.3-microsoft-standard-WSL2
2023/05/11 17:56:40 [notice] 1#1: getrlimit(RLIMIT_NOFILE): 1048576:1048576
2023/05/11 17:56:40 [notice] 1#1: start worker processes
2023/05/11 17:56:40 [notice] 1#1: start worker process 22
2023/05/11 17:56:40 [notice] 1#1: start worker process 23
2023/05/11 17:56:40 [notice] 1#1: start worker process 24
2023/05/11 17:56:40 [notice] 1#1: start worker process 25
2023/05/11 17:56:40 [notice] 1#1: start worker process 26
2023/05/11 17:56:40 [notice] 1#1: start worker process 27
2023/05/11 17:56:40 [notice] 1#1: start worker process 28
2023/05/11 17:56:40 [notice] 1#1: start worker process 29
2023/05/11 17:56:40 [notice] 1#1: start worker process 30
2023/05/11 17:56:40 [notice] 1#1: start worker process 31
2023/05/11 17:56:40 [notice] 1#1: start worker process 32
2023/05/11 17:56:40 [notice] 1#1: start worker process 33
2023/05/11 17:56:40 [notice] 1#1: start worker process 34
2023/05/11 17:56:40 [notice] 1#1: start worker process 35
2023/05/11 17:56:40 [notice] 1#1: start worker process 36
2023/05/11 17:56:40 [notice] 1#1: start worker process 37
2023/05/11 18:00:51 [notice] 1#1: signal 3 (SIGQUIT) received, shutting down
2023/05/11 18:00:51 [notice] 22#22: gracefully shutting down
2023/05/11 18:00:51 [notice] 26#26: gracefully shutting down
2023/05/11 18:00:51 [notice] 25#25: gracefully shutting down
2023/05/11 18:00:51 [notice] 24#24: gracefully shutting down
2023/05/11 18:00:51 [notice] 27#27: gracefully shutting down
2023/05/11 18:00:51 [notice] 23#23: gracefully shutting down
2023/05/11 18:00:51 [notice] 28#28: gracefully shutting down
2023/05/11 18:00:51 [notice] 29#29: gracefully shutting down
2023/05/11 18:00:51 [notice] 31#31: gracefully shutting down
2023/05/11 18:00:51 [notice] 32#32: gracefully shutting down
2023/05/11 18:00:51 [notice] 33#33: gracefully shutting down
2023/05/11 18:00:51 [notice] 35#35: gracefully shutting down
2023/05/11 18:00:51 [notice] 34#34: gracefully shutting down
2023/05/11 18:00:51 [notice] 30#30: gracefully shutting down
2023/05/11 18:00:51 [notice] 36#36: gracefully shutting down
2023/05/11 18:00:51 [notice] 22#22: exiting
2023/05/11 18:00:51 [notice] 37#37: gracefully shutting down
2023/05/11 18:00:51 [notice] 26#26: exiting
2023/05/11 18:00:51 [notice] 25#25: exiting
2023/05/11 18:00:51 [notice] 26#26: exit
2023/05/11 18:00:51 [notice] 24#24: exiting
2023/05/11 18:00:51 [notice] 27#27: exiting
2023/05/11 18:00:51 [notice] 23#23: exiting
2023/05/11 18:00:51 [notice] 28#28: exiting
2023/05/11 18:00:51 [notice] 29#29: exiting
2023/05/11 18:00:51 [notice] 31#31: exiting
2023/05/11 18:00:51 [notice] 32#32: exiting
2023/05/11 18:00:51 [notice] 33#33: exiting
2023/05/11 18:00:51 [notice] 35#35: exiting
2023/05/11 18:00:51 [notice] 34#34: exiting
2023/05/11 18:00:51 [notice] 30#30: exiting
2023/05/11 18:00:51 [notice] 36#36: exiting
2023/05/11 18:00:51 [notice] 22#22: exit
2023/05/11 18:00:51 [notice] 37#37: exiting
2023/05/11 18:00:51 [notice] 25#25: exit
2023/05/11 18:00:51 [notice] 24#24: exit
2023/05/11 18:00:51 [notice] 27#27: exit
2023/05/11 18:00:51 [notice] 23#23: exit
2023/05/11 18:00:51 [notice] 28#28: exit
2023/05/11 18:00:51 [notice] 29#29: exit
2023/05/11 18:00:51 [notice] 31#31: exit
2023/05/11 18:00:51 [notice] 32#32: exit
2023/05/11 18:00:51 [notice] 33#33: exit
2023/05/11 18:00:51 [notice] 35#35: exit
2023/05/11 18:00:51 [notice] 34#34: exit
2023/05/11 18:00:51 [notice] 30#30: exit
2023/05/11 18:00:51 [notice] 36#36: exit
2023/05/11 18:00:51 [notice] 37#37: exit
2023/05/11 18:00:51 [notice] 1#1: signal 17 (SIGCHLD) received from 26
2023/05/11 18:00:51 [notice] 1#1: worker process 26 exited with code 0
2023/05/11 18:00:51 [notice] 1#1: signal 29 (SIGIO) received
2023/05/11 18:00:51 [notice] 1#1: signal 17 (SIGCHLD) received from 30
2023/05/11 18:00:51 [notice] 1#1: worker process 30 exited with code 0
2023/05/11 18:00:51 [notice] 1#1: worker process 37 exited with code 0
2023/05/11 18:00:51 [notice] 1#1: signal 29 (SIGIO) received
2023/05/11 18:00:51 [notice] 1#1: signal 17 (SIGCHLD) received from 28
2023/05/11 18:00:51 [notice] 1#1: worker process 28 exited with code 0
2023/05/11 18:00:51 [notice] 1#1: signal 29 (SIGIO) received
2023/05/11 18:00:51 [notice] 1#1: signal 17 (SIGCHLD) received from 32
2023/05/11 18:00:51 [notice] 1#1: worker process 22 exited with code 0
2023/05/11 18:00:51 [notice] 1#1: worker process 24 exited with code 0
2023/05/11 18:00:51 [notice] 1#1: worker process 25 exited with code 0
2023/05/11 18:00:51 [notice] 1#1: worker process 27 exited with code 0
2023/05/11 18:00:51 [notice] 1#1: worker process 29 exited with code 0
2023/05/11 18:00:51 [notice] 1#1: worker process 32 exited with code 0
2023/05/11 18:00:51 [notice] 1#1: worker process 34 exited with code 0
2023/05/11 18:00:51 [notice] 1#1: worker process 35 exited with code 0
2023/05/11 18:00:51 [notice] 1#1: worker process 36 exited with code 0
2023/05/11 18:00:51 [notice] 1#1: signal 29 (SIGIO) received
2023/05/11 18:00:51 [notice] 1#1: signal 17 (SIGCHLD) received from 25
2023/05/11 18:00:51 [notice] 1#1: signal 17 (SIGCHLD) received from 23
2023/05/11 18:00:51 [notice] 1#1: worker process 23 exited with code 0
2023/05/11 18:00:51 [notice] 1#1: worker process 31 exited with code 0
2023/05/11 18:00:51 [notice] 1#1: worker process 33 exited with code 0
2023/05/11 18:00:51 [notice] 1#1: exit
2023/05/11 19:39:24 [notice] 1#1: using the "epoll" event method
2023/05/11 19:39:24 [notice] 1#1: nginx/1.24.0
2023/05/11 19:39:24 [notice] 1#1: built by gcc 12.2.1 20220924 (Alpine 12.2.1_git20220924-r4) 
2023/05/11 19:39:24 [notice] 1#1: OS: Linux 5.10.16.3-microsoft-standard-WSL2
2023/05/11 19:39:24 [notice] 1#1: getrlimit(RLIMIT_NOFILE): 1048576:1048576
2023/05/11 19:39:24 [notice] 1#1: start worker processes
2023/05/11 19:39:24 [notice] 1#1: start worker process 22
2023/05/11 19:39:24 [notice] 1#1: start worker process 23
2023/05/11 19:39:24 [notice] 1#1: start worker process 24
2023/05/11 19:39:24 [notice] 1#1: start worker process 25
2023/05/11 19:39:24 [notice] 1#1: start worker process 26
2023/05/11 19:39:24 [notice] 1#1: start worker process 27
2023/05/11 19:39:24 [notice] 1#1: start worker process 28
2023/05/11 19:39:24 [notice] 1#1: start worker process 29
2023/05/11 19:39:24 [notice] 1#1: start worker process 30
2023/05/11 19:39:24 [notice] 1#1: start worker process 31
2023/05/11 19:39:24 [notice] 1#1: start worker process 32
2023/05/11 19:39:24 [notice] 1#1: start worker process 33
2023/05/11 19:39:24 [notice] 1#1: start worker process 34
2023/05/11 19:39:24 [notice] 1#1: start worker process 35
2023/05/11 19:39:24 [notice] 1#1: start worker process 36
2023/05/11 19:39:24 [notice] 1#1: start worker process 37
2023/05/11 21:49:39 [notice] 1#1: signal 3 (SIGQUIT) received, shutting down
2023/05/11 21:49:39 [notice] 29#29: gracefully shutting down
2023/05/11 21:49:39 [notice] 22#22: gracefully shutting down
2023/05/11 21:49:39 [notice] 32#32: gracefully shutting down
2023/05/11 21:49:39 [notice] 31#31: gracefully shutting down
2023/05/11 21:49:39 [notice] 30#30: gracefully shutting down
2023/05/11 21:49:39 [notice] 35#35: gracefully shutting down
2023/05/11 21:49:39 [notice] 27#27: gracefully shutting down
2023/05/11 21:49:39 [notice] 36#36: gracefully shutting down
2023/05/11 21:49:39 [notice] 26#26: gracefully shutting down
2023/05/11 21:49:39 [notice] 28#28: gracefully shutting down
2023/05/11 21:49:39 [notice] 34#34: gracefully shutting down
2023/05/11 21:49:39 [notice] 27#27: exiting
2023/05/11 21:49:39 [notice] 24#24: gracefully shutting down
2023/05/11 21:49:39 [notice] 25#25: gracefully shutting down
2023/05/11 21:49:39 [notice] 23#23: gracefully shutting down
2023/05/11 21:49:39 [notice] 33#33: gracefully shutting down
2023/05/11 21:49:39 [notice] 37#37: gracefully shutting down
2023/05/11 21:49:39 [notice] 29#29: exiting
2023/05/11 21:49:39 [notice] 22#22: exiting
2023/05/11 21:49:39 [notice] 32#32: exiting
2023/05/11 21:49:39 [notice] 31#31: exiting
2023/05/11 21:49:39 [notice] 30#30: exiting
2023/05/11 21:49:39 [notice] 35#35: exiting
2023/05/11 21:49:39 [notice] 36#36: exiting
2023/05/11 21:49:39 [notice] 26#26: exiting
2023/05/11 21:49:39 [notice] 28#28: exiting
2023/05/11 21:49:39 [notice] 34#34: exiting
2023/05/11 21:49:39 [notice] 24#24: exiting
2023/05/11 21:49:39 [notice] 27#27: exit
2023/05/11 21:49:39 [notice] 25#25: exiting
2023/05/11 21:49:39 [notice] 23#23: exiting
2023/05/11 21:49:39 [notice] 29#29: exit
2023/05/11 21:49:39 [notice] 22#22: exit
2023/05/11 21:49:39 [notice] 37#37: exiting
2023/05/11 21:49:39 [notice] 33#33: exiting
2023/05/11 21:49:39 [notice] 32#32: exit
2023/05/11 21:49:39 [notice] 31#31: exit
2023/05/11 21:49:39 [notice] 30#30: exit
2023/05/11 21:49:39 [notice] 35#35: exit
2023/05/11 21:49:39 [notice] 36#36: exit
2023/05/11 21:49:39 [notice] 26#26: exit
2023/05/11 21:49:39 [notice] 28#28: exit
2023/05/11 21:49:39 [notice] 34#34: exit
2023/05/11 21:49:39 [notice] 24#24: exit
2023/05/11 21:49:39 [notice] 25#25: exit
2023/05/11 21:49:39 [notice] 23#23: exit
2023/05/11 21:49:39 [notice] 37#37: exit
2023/05/11 21:49:39 [notice] 33#33: exit
2023/05/11 21:49:39 [notice] 1#1: signal 17 (SIGCHLD) received from 35
2023/05/11 21:49:39 [notice] 1#1: worker process 23 exited with code 0
2023/05/11 21:49:39 [notice] 1#1: worker process 24 exited with code 0
2023/05/11 21:49:39 [notice] 1#1: worker process 30 exited with code 0
2023/05/11 21:49:39 [notice] 1#1: worker process 31 exited with code 0
2023/05/11 21:49:39 [notice] 1#1: worker process 32 exited with code 0
2023/05/11 21:49:39 [notice] 1#1: worker process 33 exited with code 0
2023/05/11 21:49:39 [notice] 1#1: worker process 34 exited with code 0
2023/05/11 21:49:39 [notice] 1#1: worker process 35 exited with code 0
2023/05/11 21:49:39 [notice] 1#1: worker process 36 exited with code 0
2023/05/11 21:49:39 [notice] 1#1: worker process 37 exited with code 0
2023/05/11 21:49:39 [notice] 1#1: signal 29 (SIGIO) received
2023/05/11 21:49:39 [notice] 1#1: signal 17 (SIGCHLD) received from 34
2023/05/11 21:49:39 [notice] 1#1: signal 17 (SIGCHLD) received from 25
2023/05/11 21:49:39 [notice] 1#1: worker process 22 exited with code 0
2023/05/11 21:49:39 [notice] 1#1: worker process 25 exited with code 0
2023/05/11 21:49:39 [notice] 1#1: worker process 29 exited with code 0
2023/05/11 21:49:39 [notice] 1#1: signal 29 (SIGIO) received
2023/05/11 21:49:39 [notice] 1#1: signal 17 (SIGCHLD) received from 22
2023/05/11 21:49:39 [notice] 1#1: signal 17 (SIGCHLD) received from 27
2023/05/11 21:49:39 [notice] 1#1: worker process 27 exited with code 0
2023/05/11 21:49:39 [notice] 1#1: signal 29 (SIGIO) received
2023/05/11 21:49:39 [notice] 1#1: signal 17 (SIGCHLD) received from 28
2023/05/11 21:49:39 [notice] 1#1: worker process 26 exited with code 0
2023/05/11 21:49:39 [notice] 1#1: worker process 28 exited with code 0
2023/05/11 21:49:39 [notice] 1#1: exit
2023/05/13 09:46:23 [notice] 1#1: using the "epoll" event method
2023/05/13 09:46:23 [notice] 1#1: nginx/1.24.0
2023/05/13 09:46:23 [notice] 1#1: built by gcc 12.2.1 20220924 (Alpine 12.2.1_git20220924-r4) 
2023/05/13 09:46:23 [notice] 1#1: OS: Linux 5.10.16.3-microsoft-standard-WSL2
2023/05/13 09:46:23 [notice] 1#1: getrlimit(RLIMIT_NOFILE): 1048576:1048576
2023/05/13 09:46:23 [notice] 1#1: start worker processes
2023/05/13 09:46:23 [notice] 1#1: start worker process 23
2023/05/13 09:46:23 [notice] 1#1: start worker process 24
2023/05/13 09:46:23 [notice] 1#1: start worker process 25
2023/05/13 09:46:23 [notice] 1#1: start worker process 26
2023/05/13 09:46:23 [notice] 1#1: start worker process 27
2023/05/13 09:46:23 [notice] 1#1: start worker process 28
2023/05/13 09:46:23 [notice] 1#1: start worker process 29
2023/05/13 09:46:23 [notice] 1#1: start worker process 30
2023/05/13 09:46:23 [notice] 1#1: start worker process 31
2023/05/13 09:46:23 [notice] 1#1: start worker process 32
2023/05/13 09:46:23 [notice] 1#1: start worker process 33
2023/05/13 09:46:23 [notice] 1#1: start worker process 34
2023/05/13 09:46:23 [notice] 1#1: start worker process 35
2023/05/13 09:46:23 [notice] 1#1: start worker process 36
2023/05/13 09:46:23 [notice] 1#1: start worker process 37
2023/05/13 09:46:23 [notice] 1#1: start worker process 38
2023/05/13 09:56:58 [notice] 1#1: signal 3 (SIGQUIT) received, shutting down
2023/05/13 09:56:58 [notice] 23#23: gracefully shutting down
2023/05/13 09:56:58 [notice] 25#25: gracefully shutting down
2023/05/13 09:56:58 [notice] 26#26: gracefully shutting down
2023/05/13 09:56:58 [notice] 24#24: gracefully shutting down
2023/05/13 09:56:58 [notice] 27#27: gracefully shutting down
2023/05/13 09:56:58 [notice] 28#28: gracefully shutting down
2023/05/13 09:56:58 [notice] 29#29: gracefully shutting down
2023/05/13 09:56:58 [notice] 31#31: gracefully shutting down
2023/05/13 09:56:58 [notice] 30#30: gracefully shutting down
2023/05/13 09:56:58 [notice] 33#33: gracefully shutting down
2023/05/13 09:56:58 [notice] 32#32: gracefully shutting down
2023/05/13 09:56:58 [notice] 34#34: gracefully shutting down
2023/05/13 09:56:58 [notice] 36#36: gracefully shutting down
2023/05/13 09:56:58 [notice] 37#37: gracefully shutting down
2023/05/13 09:56:58 [notice] 38#38: gracefully shutting down
2023/05/13 09:56:58 [notice] 35#35: gracefully shutting down
2023/05/13 09:56:58 [notice] 23#23: exiting
2023/05/13 09:56:58 [notice] 25#25: exiting
2023/05/13 09:56:58 [notice] 26#26: exiting
2023/05/13 09:56:58 [notice] 24#24: exiting
2023/05/13 09:56:58 [notice] 27#27: exiting
2023/05/13 09:56:58 [notice] 28#28: exiting
2023/05/13 09:56:58 [notice] 29#29: exiting
2023/05/13 09:56:58 [notice] 31#31: exiting
2023/05/13 09:56:58 [notice] 30#30: exiting
2023/05/13 09:56:58 [notice] 33#33: exiting
2023/05/13 09:56:58 [notice] 32#32: exiting
2023/05/13 09:56:58 [notice] 34#34: exiting
2023/05/13 09:56:58 [notice] 36#36: exiting
2023/05/13 09:56:58 [notice] 37#37: exiting
2023/05/13 09:56:58 [notice] 38#38: exiting
2023/05/13 09:56:58 [notice] 35#35: exiting
2023/05/13 09:56:58 [notice] 23#23: exit
2023/05/13 09:56:58 [notice] 25#25: exit
2023/05/13 09:56:58 [notice] 26#26: exit
2023/05/13 09:56:58 [notice] 24#24: exit
2023/05/13 09:56:58 [notice] 27#27: exit
2023/05/13 09:56:58 [notice] 28#28: exit
2023/05/13 09:56:58 [notice] 29#29: exit
2023/05/13 09:56:58 [notice] 31#31: exit
2023/05/13 09:56:58 [notice] 30#30: exit
2023/05/13 09:56:58 [notice] 33#33: exit
2023/05/13 09:56:58 [notice] 32#32: exit
2023/05/13 09:56:58 [notice] 34#34: exit
2023/05/13 09:56:58 [notice] 36#36: exit
2023/05/13 09:56:58 [notice] 37#37: exit
2023/05/13 09:56:58 [notice] 38#38: exit
2023/05/13 09:56:58 [notice] 35#35: exit
2023/05/13 09:56:58 [notice] 1#1: signal 17 (SIGCHLD) received from 28
2023/05/13 09:56:58 [notice] 1#1: worker process 28 exited with code 0
2023/05/13 09:56:58 [notice] 1#1: worker process 30 exited with code 0
2023/05/13 09:56:58 [notice] 1#1: signal 29 (SIGIO) received
2023/05/13 09:56:58 [notice] 1#1: signal 17 (SIGCHLD) received from 32
2023/05/13 09:56:58 [notice] 1#1: worker process 23 exited with code 0
2023/05/13 09:56:58 [notice] 1#1: worker process 24 exited with code 0
2023/05/13 09:56:58 [notice] 1#1: worker process 26 exited with code 0
2023/05/13 09:56:58 [notice] 1#1: worker process 29 exited with code 0
2023/05/13 09:56:58 [notice] 1#1: worker process 31 exited with code 0
2023/05/13 09:56:58 [notice] 1#1: worker process 32 exited with code 0
2023/05/13 09:56:58 [notice] 1#1: worker process 33 exited with code 0
2023/05/13 09:56:58 [notice] 1#1: worker process 35 exited with code 0
2023/05/13 09:56:58 [notice] 1#1: worker process 36 exited with code 0
2023/05/13 09:56:58 [notice] 1#1: worker process 37 exited with code 0
2023/05/13 09:56:58 [notice] 1#1: worker process 38 exited with code 0
2023/05/13 09:56:58 [notice] 1#1: worker process 25 exited with code 0
2023/05/13 09:56:58 [notice] 1#1: worker process 34 exited with code 0
2023/05/13 09:56:58 [notice] 1#1: signal 29 (SIGIO) received
2023/05/13 09:56:58 [notice] 1#1: signal 17 (SIGCHLD) received from 26
2023/05/13 09:56:58 [notice] 1#1: signal 17 (SIGCHLD) received from 27
2023/05/13 09:56:58 [notice] 1#1: worker process 27 exited with code 0
2023/05/13 09:56:58 [notice] 1#1: exit
2023/05/24 06:15:56 [notice] 1#1: using the "epoll" event method
2023/05/24 06:15:56 [notice] 1#1: nginx/1.24.0
2023/05/24 06:15:56 [notice] 1#1: built by gcc 12.2.1 20220924 (Alpine 12.2.1_git20220924-r4) 
2023/05/24 06:15:56 [notice] 1#1: OS: Linux 5.10.16.3-microsoft-standard-WSL2
2023/05/24 06:15:56 [notice] 1#1: getrlimit(RLIMIT_NOFILE): 1048576:1048576
2023/05/24 06:15:56 [notice] 1#1: start worker processes
2023/05/24 06:15:56 [notice] 1#1: start worker process 22
2023/05/24 06:15:56 [notice] 1#1: start worker process 23
2023/05/24 06:15:56 [notice] 1#1: start worker process 24
2023/05/24 06:15:56 [notice] 1#1: start worker process 25
2023/05/24 06:15:56 [notice] 1#1: start worker process 26
2023/05/24 06:15:56 [notice] 1#1: start worker process 27
2023/05/24 06:15:56 [notice] 1#1: start worker process 28
2023/05/24 06:15:56 [notice] 1#1: start worker process 29
2023/05/24 06:15:56 [notice] 1#1: start worker process 30
2023/05/24 06:15:56 [notice] 1#1: start worker process 31
2023/05/24 06:15:56 [notice] 1#1: start worker process 32
2023/05/24 06:15:56 [notice] 1#1: start worker process 33
2023/05/24 06:15:56 [notice] 1#1: start worker process 34
2023/05/24 06:15:56 [notice] 1#1: start worker process 35
2023/05/24 06:15:56 [notice] 1#1: start worker process 36
2023/05/24 06:15:56 [notice] 1#1: start worker process 37
2023/05/24 06:57:04 [notice] 1#1: signal 3 (SIGQUIT) received, shutting down
2023/05/24 06:57:04 [notice] 22#22: gracefully shutting down
2023/05/24 06:57:04 [notice] 26#26: gracefully shutting down
2023/05/24 06:57:04 [notice] 23#23: gracefully shutting down
2023/05/24 06:57:04 [notice] 25#25: gracefully shutting down
2023/05/24 06:57:04 [notice] 24#24: gracefully shutting down
2023/05/24 06:57:04 [notice] 27#27: gracefully shutting down
2023/05/24 06:57:04 [notice] 29#29: gracefully shutting down
2023/05/24 06:57:04 [notice] 30#30: gracefully shutting down
2023/05/24 06:57:04 [notice] 28#28: gracefully shutting down
2023/05/24 06:57:04 [notice] 34#34: gracefully shutting down
2023/05/24 06:57:04 [notice] 35#35: gracefully shutting down
2023/05/24 06:57:04 [notice] 36#36: gracefully shutting down
2023/05/24 06:57:04 [notice] 32#32: gracefully shutting down
2023/05/24 06:57:04 [notice] 31#31: gracefully shutting down
2023/05/24 06:57:04 [notice] 37#37: gracefully shutting down
2023/05/24 06:57:04 [notice] 22#22: exiting
2023/05/24 06:57:04 [notice] 33#33: gracefully shutting down
2023/05/24 06:57:04 [notice] 23#23: exiting
2023/05/24 06:57:04 [notice] 26#26: exiting
2023/05/24 06:57:04 [notice] 25#25: exiting
2023/05/24 06:57:04 [notice] 24#24: exiting
2023/05/24 06:57:04 [notice] 27#27: exiting
2023/05/24 06:57:04 [notice] 29#29: exiting
2023/05/24 06:57:04 [notice] 30#30: exiting
2023/05/24 06:57:04 [notice] 28#28: exiting
2023/05/24 06:57:04 [notice] 34#34: exiting
2023/05/24 06:57:04 [notice] 35#35: exiting
2023/05/24 06:57:04 [notice] 36#36: exiting
2023/05/24 06:57:04 [notice] 32#32: exiting
2023/05/24 06:57:04 [notice] 31#31: exiting
2023/05/24 06:57:04 [notice] 37#37: exiting
2023/05/24 06:57:04 [notice] 22#22: exit
2023/05/24 06:57:04 [notice] 33#33: exiting
2023/05/24 06:57:04 [notice] 23#23: exit
2023/05/24 06:57:04 [notice] 26#26: exit
2023/05/24 06:57:04 [notice] 25#25: exit
2023/05/24 06:57:04 [notice] 24#24: exit
2023/05/24 06:57:04 [notice] 27#27: exit
2023/05/24 06:57:04 [notice] 29#29: exit
2023/05/24 06:57:04 [notice] 30#30: exit
2023/05/24 06:57:04 [notice] 28#28: exit
2023/05/24 06:57:04 [notice] 34#34: exit
2023/05/24 06:57:04 [notice] 35#35: exit
2023/05/24 06:57:04 [notice] 36#36: exit
2023/05/24 06:57:04 [notice] 32#32: exit
2023/05/24 06:57:04 [notice] 31#31: exit
2023/05/24 06:57:04 [notice] 37#37: exit
2023/05/24 06:57:04 [notice] 33#33: exit
2023/05/24 06:57:04 [notice] 1#1: signal 17 (SIGCHLD) received from 28
2023/05/24 06:57:04 [notice] 1#1: worker process 22 exited with code 0
2023/05/24 06:57:04 [notice] 1#1: worker process 23 exited with code 0
2023/05/24 06:57:04 [notice] 1#1: worker process 25 exited with code 0
2023/05/24 06:57:04 [notice] 1#1: worker process 26 exited with code 0
2023/05/24 06:57:04 [notice] 1#1: worker process 27 exited with code 0
2023/05/24 06:57:04 [notice] 1#1: worker process 28 exited with code 0
2023/05/24 06:57:04 [notice] 1#1: worker process 29 exited with code 0
2023/05/24 06:57:04 [notice] 1#1: worker process 30 exited with code 0
2023/05/24 06:57:04 [notice] 1#1: worker process 31 exited with code 0
2023/05/24 06:57:04 [notice] 1#1: worker process 32 exited with code 0
2023/05/24 06:57:04 [notice] 1#1: worker process 33 exited with code 0
2023/05/24 06:57:04 [notice] 1#1: worker process 34 exited with code 0
2023/05/24 06:57:04 [notice] 1#1: worker process 35 exited with code 0
2023/05/24 06:57:04 [notice] 1#1: worker process 36 exited with code 0
2023/05/24 06:57:04 [notice] 1#1: signal 29 (SIGIO) received
2023/05/24 06:57:04 [notice] 1#1: signal 17 (SIGCHLD) received from 34
2023/05/24 06:57:04 [notice] 1#1: signal 17 (SIGCHLD) received from 37
2023/05/24 06:57:04 [notice] 1#1: worker process 24 exited with code 0
2023/05/24 06:57:04 [notice] 1#1: worker process 37 exited with code 0
2023/05/24 06:57:04 [notice] 1#1: exit
